<?xml version="1.0" encoding="UTF-8"?>
<!-- Generated by org.testng.reporters.JUnitXMLReporter -->
<testsuite hostname="WKWUS0915228" ignored="0" name="Adhoc" tests="8" failures="4" timestamp="25 Oct 2022 17:14:37 GMT" time="13.435" errors="0">
  <testcase name="f" time="3.255" classname="GMC.Amazon.Amazon"/>
  <testcase name="f" time="3.261" classname="GMC.Amazon.Amazon">
    <failure type="java.lang.NullPointerException">
      <![CDATA[java.lang.NullPointerException
at GMC.Amazon.Ilisteners.onTestSuccess(Ilisteners.java:63)
... Removed 22 stack frames]]>
    </failure>
  </testcase> <!-- f -->
  <testcase name="f" time="0.001" classname="GMC.Amazon.Group"/>
  <testcase name="f" time="0.004" classname="GMC.Amazon.Group">
    <failure type="java.lang.NullPointerException">
      <![CDATA[java.lang.NullPointerException
at GMC.Amazon.Ilisteners.onTestSuccess(Ilisteners.java:63)
... Removed 22 stack frames]]>
    </failure>
  </testcase> <!-- f -->
  <testcase name="f1" time="0.001" classname="GMC.Amazon.Group"/>
  <testcase name="f1" time="0.002" classname="GMC.Amazon.Group">
    <failure type="java.lang.NullPointerException">
      <![CDATA[java.lang.NullPointerException
at GMC.Amazon.Ilisteners.onTestSuccess(Ilisteners.java:63)
... Removed 22 stack frames]]>
    </failure>
  </testcase> <!-- f1 -->
  <testcase name="f5" time="0.002" classname="GMC.Amazon.Group"/>
  <testcase name="f5" time="0.003" classname="GMC.Amazon.Group">
    <failure type="java.lang.NullPointerException">
      <![CDATA[java.lang.NullPointerException
at GMC.Amazon.Ilisteners.onTestSuccess(Ilisteners.java:63)
... Removed 22 stack frames]]>
    </failure>
  </testcase> <!-- f5 -->
</testsuite> <!-- Adhoc -->
