<?xml version="1.0" encoding="UTF-8"?>
<testng-results skipped="0" failed="0" ignored="0" total="1" passed="1">
  <reporter-output>
  </reporter-output>
  <suite name="Regression" duration-ms="14122" started-at="2022-11-01T14:14:28Z" finished-at="2022-11-01T14:14:42Z">
    <groups>
    </groups>
    <test name="Adhoc" duration-ms="14122" started-at="2022-11-01T14:14:28Z" finished-at="2022-11-01T14:14:42Z">
      <class name="GMC.Amazon.Amazon">
        <test-method status="PASS" signature="beforeClass()[pri:0, instance:GMC.Amazon.Amazon@6e06451e]" name="beforeClass" is-config="true" duration-ms="9535" started-at="2022-11-01T14:14:28Z" finished-at="2022-11-01T14:14:38Z">
          <reporter-output>
          </reporter-output>
        </test-method> <!-- beforeClass -->
        <test-method status="PASS" signature="f()[pri:0, instance:GMC.Amazon.Amazon@6e06451e]" name="f" duration-ms="4295" started-at="2022-11-01T14:14:38Z" finished-at="2022-11-01T14:14:42Z">
          <reporter-output>
          </reporter-output>
        </test-method> <!-- f -->
        <test-method status="PASS" signature="afterClass()[pri:0, instance:GMC.Amazon.Amazon@6e06451e]" name="afterClass" is-config="true" duration-ms="269" started-at="2022-11-01T14:14:42Z" finished-at="2022-11-01T14:14:42Z">
          <reporter-output>
          </reporter-output>
        </test-method> <!-- afterClass -->
      </class> <!-- GMC.Amazon.Amazon -->
    </test> <!-- Adhoc -->
  </suite> <!-- Regression -->
</testng-results>
